
> tuna@1.0.0 dev
> next dev

▲ Next.js 16.1.6 (Turbopack)
- Local:         http://localhost:3000
- Network:       http://192.168.0.9:3000
- Environments: .env

✓ Starting...
Creating turbopack project { dir: 'D:\\tuna', testMode: true }
✓ Ready in 1395ms
 GET /api/health 200 in 299ms (compile: 164ms, proxy.ts: 82ms, render: 52ms)
 GET /login?callbackUrl=%2F 200 in 1403ms (compile: 1205ms, proxy.ts: 3ms, render: 195ms)
 GET /api/auth/session 200 in 600ms (compile: 587ms, proxy.ts: 1828µs, render: 11ms)
 GET /api/auth/providers 200 in 37ms (compile: 8ms, proxy.ts: 3ms, render: 27ms)
 GET /api/auth/csrf 200 in 27ms (compile: 4ms, proxy.ts: 2ms, render: 22ms)
 POST /api/auth/callback/credentials 200 in 261ms (compile: 4ms, proxy.ts: 3ms, render: 255ms)
 GET /api/auth/session 200 in 29ms (compile: 2ms, proxy.ts: 1990µs, render: 24ms)
 GET /api/auth/session 200 in 27ms (compile: 3ms, proxy.ts: 1715µs, render: 22ms)
 GET / 200 in 551ms (compile: 292ms, proxy.ts: 3ms, render: 256ms)
 GET / 200 in 159ms (compile: 3ms, proxy.ts: 4ms, render: 151ms)
 GET /api/transactions?month=2026-03&type=EXPENSE 200 in 200ms (compile: 181ms, proxy.ts: 3ms, render: 17ms)
 GET /api/auth/session 200 in 54ms (compile: 11ms, proxy.ts: 3ms, render: 41ms)
 GET /api/auth/session 200 in 47ms (compile: 9ms, proxy.ts: 3ms, render: 36ms)
 GET /api/auth/session 200 in 29ms (compile: 9ms, proxy.ts: 3ms, render: 16ms)
 GET /api/auth/session 200 in 45ms (compile: 9ms, proxy.ts: 1993µs, render: 34ms)
 GET /api/auth/session 200 in 44ms (compile: 8ms, proxy.ts: 4ms, render: 32ms)
 GET /transactions 200 in 54ms (compile: 33ms, proxy.ts: 3ms, render: 18ms)
 GET /api/categories 200 in 129ms (compile: 42ms, proxy.ts: 8ms, render: 79ms)
 GET /api/transactions?month=2026-03&page=1 200 in 150ms (compile: 4ms, proxy.ts: 8ms, render: 137ms)
 GET /api/dashboard?month=2026-03 200 in 205ms (compile: 80ms, proxy.ts: 8ms, render: 116ms)
 GET /categories 200 in 32ms (compile: 16ms, proxy.ts: 4ms, render: 12ms)
 GET /budgets 200 in 55ms (compile: 26ms, proxy.ts: 4ms, render: 25ms)
 GET /api/notification-preferences 200 in 171ms (compile: 49ms, proxy.ts: 12ms, render: 110ms)
 GET /api/monthly-reports 200 in 155ms (compile: 131ms, proxy.ts: 4ms, render: 20ms)
 GET /api/goals?year=2026&month=3 200 in 174ms (compile: 108ms, proxy.ts: 12ms, render: 54ms)
 GET /api/goals/summary?year=2026 200 in 173ms (compile: 77ms, proxy.ts: 12ms, render: 85ms)
 GET / 200 in 41ms (compile: 2ms, proxy.ts: 3ms, render: 36ms)
 GET /budgets 200 in 15ms (compile: 2ms, proxy.ts: 2ms, render: 11ms)
 GET /api/dashboard?month=2026-03 200 in 35ms (compile: 2ms, proxy.ts: 3ms, render: 30ms)
 GET /api/categories 200 in 27ms (compile: 3ms, proxy.ts: 3ms, render: 21ms)
 PUT /api/notification-preferences 200 in 47ms (compile: 2ms, proxy.ts: 3ms, render: 42ms)
 GET /api/categories 200 in 38ms (compile: 15ms, proxy.ts: 10ms, render: 13ms)
 GET /api/notification-preferences 200 in 42ms (compile: 11ms, proxy.ts: 10ms, render: 21ms)
 GET /api/monthly-reports 200 in 41ms (compile: 13ms, proxy.ts: 10ms, render: 18ms)
 GET /api/goals?year=2026&month=3 200 in 46ms (compile: 8ms, proxy.ts: 10ms, render: 28ms)
 GET /api/goals/summary?year=2026 200 in 46ms (compile: 9ms, proxy.ts: 10ms, render: 27ms)
 GET /api/dashboard?month=2026-03 200 in 50ms (compile: 7ms, proxy.ts: 11ms, render: 32ms)
 GET / 200 in 41ms (compile: 2ms, proxy.ts: 3ms, render: 37ms)
 GET / 200 in 46ms (compile: 3ms, proxy.ts: 3ms, render: 40ms)
 GET /budgets 200 in 16ms (compile: 1606µs, proxy.ts: 3ms, render: 11ms)
 GET /api/notification-preferences 200 in 58ms (compile: 15ms, proxy.ts: 10ms, render: 33ms)
 GET /api/goals?year=2026&month=3 200 in 60ms (compile: 11ms, proxy.ts: 10ms, render: 39ms)
 GET /api/dashboard?month=2026-03 200 in 63ms (compile: 10ms, proxy.ts: 10ms, render: 44ms)
 GET /api/monthly-reports 200 in 57ms (compile: 17ms, proxy.ts: 10ms, render: 31ms)
 GET /api/goals/summary?year=2026 200 in 61ms (compile: 13ms, proxy.ts: 10ms, render: 38ms)
 GET /api/categories 200 in 59ms (compile: 19ms, proxy.ts: 10ms, render: 29ms)
 GET /categories 200 in 17ms (compile: 4ms, proxy.ts: 3ms, render: 10ms)
 GET /budgets?focus=recurring-rules 200 in 17ms (compile: 1935µs, proxy.ts: 5ms, render: 10ms)
 GET / 200 in 43ms (compile: 2ms, proxy.ts: 2ms, render: 38ms)
 GET /api/auth/csrf 200 in 20ms (compile: 8ms, proxy.ts: 2ms, render: 11ms)
 POST /api/auth/signout 200 in 29ms (compile: 3ms, proxy.ts: 3ms, render: 24ms)
 GET /login 200 in 116ms (compile: 1896µs, proxy.ts: 2ms, render: 112ms)
 GET /api/auth/session 200 in 21ms (compile: 3ms, proxy.ts: 2ms, render: 16ms)
 GET /admin/login?callbackUrl=%2Fadmin 200 in 715ms (compile: 618ms, proxy.ts: 2ms, render: 95ms)
 GET /api/auth/session 200 in 38ms (compile: 7ms, proxy.ts: 1871µs, render: 29ms)
 GET /api/health 200 in 9ms (compile: 2ms, proxy.ts: 3ms, render: 4ms)
 GET /api/auth/providers 200 in 28ms (compile: 7ms, proxy.ts: 2ms, render: 19ms)
 GET /api/auth/csrf 200 in 27ms (compile: 3ms, proxy.ts: 2ms, render: 21ms)
 POST /api/auth/callback/credentials 200 in 283ms (compile: 6ms, proxy.ts: 3ms, render: 274ms)
 GET /api/auth/session 200 in 40ms (compile: 2ms, proxy.ts: 2ms, render: 36ms)
 GET /api/auth/session 200 in 44ms (compile: 4ms, proxy.ts: 3ms, render: 37ms)
 GET /api/auth/csrf 200 in 42ms (compile: 4ms, proxy.ts: 2ms, render: 36ms)
 POST /api/auth/signout 200 in 28ms (compile: 3ms, proxy.ts: 2ms, render: 22ms)
 GET /api/auth/session 200 in 17ms (compile: 8ms, proxy.ts: 3ms, render: 6ms)
 GET /api/auth/providers 200 in 33ms (compile: 9ms, proxy.ts: 3ms, render: 22ms)
 GET /api/auth/csrf 200 in 27ms (compile: 3ms, proxy.ts: 2ms, render: 22ms)
 POST /api/auth/callback/credentials 200 in 249ms (compile: 4ms, proxy.ts: 5ms, render: 241ms)
 GET /api/auth/session 200 in 27ms (compile: 3ms, proxy.ts: 1831µs, render: 23ms)
 GET /api/auth/session 200 in 29ms (compile: 1856µs, proxy.ts: 1363µs, render: 26ms)
 GET /admin 200 in 1073ms (compile: 859ms, proxy.ts: 1885µs, render: 212ms)
 GET /admin 200 in 151ms (compile: 9ms, proxy.ts: 48ms, render: 95ms)
 GET /admin/users 200 in 402ms (compile: 359ms, proxy.ts: 3ms, render: 41ms)
 GET /api/auth/session 200 in 45ms (compile: 9ms, proxy.ts: 2ms, render: 33ms)
 GET /admin/users/cmmvxwhx70000uwzoz3b6i9ra 200 in 756ms (compile: 672ms, proxy.ts: 4ms, render: 81ms)
 GET /admin/users/cmmuns80q0000uw7wbuk9w9zm 200 in 81ms (compile: 7ms, proxy.ts: 2ms, render: 72ms)
 GET /admin/activity 200 in 394ms (compile: 315ms, proxy.ts: 3ms, render: 76ms)
 GET /api/admin/activity 200 in 321ms (compile: 297ms, proxy.ts: 2ms, render: 22ms)
 GET /api/admin/activity 200 in 15ms (compile: 2ms, proxy.ts: 2ms, render: 11ms)
 GET /admin/activity 200 in 231ms (compile: 2ms, proxy.ts: 3ms, render: 226ms)
 GET /api/auth/session 200 in 33ms (compile: 10ms, proxy.ts: 1946µs, render: 20ms)
 GET / 200 in 247ms (compile: 2ms, proxy.ts: 6ms, render: 238ms)
⚠ Cross origin request detected from 192.168.0.9 to /_next/* resource. In a future major version of Next.js, you will need to explicitly configure "allowedDevOrigins" in next.config to allow this.
Read more: https://nextjs.org/docs/app/api-reference/config/next-config-js/allowedDevOrigins
 GET /api/auth/session 200 in 37ms (compile: 7ms, proxy.ts: 2ms, render: 27ms)
 GET /admin/activity 200 in 113ms (compile: 3ms, proxy.ts: 3ms, render: 108ms)
 GET /api/auth/session 200 in 19ms (compile: 8ms, proxy.ts: 3ms, render: 9ms)
 GET / 200 in 94ms (compile: 2ms, proxy.ts: 2ms, render: 90ms)
 GET /api/auth/session 200 in 44ms (compile: 7ms, proxy.ts: 2ms, render: 35ms)
 GET /admin/activity 200 in 117ms (compile: 2ms, proxy.ts: 3ms, render: 111ms)
 GET /api/auth/session 200 in 27ms (compile: 7ms, proxy.ts: 3ms, render: 16ms)
 GET /admin/activity 200 in 105ms (compile: 2ms, proxy.ts: 2ms, render: 100ms)
 GET /api/auth/session 200 in 17ms (compile: 7ms, proxy.ts: 1916µs, render: 9ms)
 GET /admin/activity 200 in 115ms (compile: 2ms, proxy.ts: 2ms, render: 111ms)
 GET /api/auth/session 200 in 21ms (compile: 3ms, proxy.ts: 2ms, render: 16ms)
 GET /admin/activity 200 in 127ms (compile: 2ms, proxy.ts: 3ms, render: 122ms)
 GET /api/auth/session 200 in 22ms (compile: 9ms, proxy.ts: 2ms, render: 10ms)
 GET /admin/activity 200 in 116ms (compile: 3ms, proxy.ts: 2ms, render: 111ms)
 GET /api/auth/session 200 in 16ms (compile: 7ms, proxy.ts: 1654µs, render: 8ms)
 GET /admin/activity 200 in 119ms (compile: 3ms, proxy.ts: 8ms, render: 108ms)
 GET /api/auth/session 200 in 14ms (compile: 3ms, proxy.ts: 2ms, render: 9ms)
 GET /admin/activity 200 in 123ms (compile: 2ms, proxy.ts: 2ms, render: 119ms)
 GET /api/auth/session 200 in 19ms (compile: 7ms, proxy.ts: 1671µs, render: 10ms)
 GET /api/auth/csrf 200 in 32ms (compile: 7ms, proxy.ts: 1583µs, render: 23ms)
 POST /api/auth/signout 200 in 20ms (compile: 3ms, proxy.ts: 3ms, render: 15ms)
 GET /login?callbackUrl=%2Fapple-touch-icon-precomposed.png 200 in 205ms (compile: 5ms, proxy.ts: 6ms, render: 193ms)
 GET /login?callbackUrl=%2F 200 in 198ms (compile: 30ms, proxy.ts: 27ms, render: 141ms)
 GET /login?callbackUrl=%2F 200 in 198ms (compile: 42ms, proxy.ts: 27ms, render: 130ms)
 GET /login?callbackUrl=%2Fapple-touch-icon.png 200 in 165ms (compile: 40ms, proxy.ts: 62ms, render: 64ms)
 GET /login?callbackUrl=%2Fapple-touch-icon-120x120-precomposed.png 200 in 44ms (compile: 1818µs, proxy.ts: 1800µs, render: 41ms)
 GET /login?callbackUrl=%2Fapple-touch-icon-120x120.png 200 in 43ms (compile: 2ms, proxy.ts: 1746µs, render: 39ms)
 GET /login?callbackUrl=%2Fapple-touch-icon-precomposed.png 200 in 50ms (compile: 3ms, proxy.ts: 2ms, render: 45ms)
 GET /login?callbackUrl=%2Fapple-touch-icon.png 200 in 43ms (compile: 2ms, proxy.ts: 1797µs, render: 39ms)
 GET /login?callbackUrl=%2Fapple-touch-icon-120x120-precomposed.png 200 in 41ms (compile: 2ms, proxy.ts: 1363µs, render: 38ms)
 GET /login?callbackUrl=%2Fapple-touch-icon-120x120.png 200 in 42ms (compile: 2ms, proxy.ts: 1421µs, render: 39ms)
 GET /login?callbackUrl=%2Fapple-touch-icon-precomposed.png 200 in 80ms (compile: 1711µs, proxy.ts: 1447µs, render: 77ms)
 GET /login?callbackUrl=%2Fapple-touch-icon.png 200 in 42ms (compile: 2ms, proxy.ts: 1801µs, render: 38ms)
 GET /login?callbackUrl=%2F 200 in 40ms (compile: 2ms, proxy.ts: 1420µs, render: 37ms)
 GET /api/auth/session 200 in 34ms (compile: 8ms, proxy.ts: 3ms, render: 23ms)
 GET /login?callbackUrl=%2Fapple-touch-icon-precomposed.png 200 in 62ms (compile: 2ms, proxy.ts: 3ms, render: 58ms)
 GET /login?callbackUrl=%2Fapple-touch-icon.png 200 in 42ms (compile: 2ms, proxy.ts: 1735µs, render: 38ms)
 GET /api/auth/providers 200 in 27ms (compile: 7ms, proxy.ts: 1881µs, render: 18ms)
 GET /api/auth/csrf 200 in 29ms (compile: 3ms, proxy.ts: 1823µs, render: 24ms)
 POST /api/auth/callback/credentials 200 in 259ms (compile: 3ms, proxy.ts: 3ms, render: 253ms)
 GET /api/auth/session 200 in 39ms (compile: 7ms, proxy.ts: 1717µs, render: 31ms)
 GET /api/auth/session 200 in 38ms (compile: 3ms, proxy.ts: 1755µs, render: 34ms)
 GET / 200 in 44ms (compile: 2ms, proxy.ts: 1881µs, render: 39ms)
 GET / 200 in 43ms (compile: 1689µs, proxy.ts: 3ms, render: 38ms)
 GET /admin/activity 200 in 141ms (compile: 2ms, proxy.ts: 2ms, render: 136ms)
 GET /api/auth/session 200 in 22ms (compile: 8ms, proxy.ts: 2ms, render: 12ms)
 GET /api/auth/session 200 in 45ms (compile: 10ms, proxy.ts: 3ms, render: 32ms)
 GET /admin/approvals 200 in 325ms (compile: 291ms, proxy.ts: 2ms, render: 32ms)
 GET /admin/system 200 in 323ms (compile: 278ms, proxy.ts: 3ms, render: 41ms)
{"level":"warn","message":"Email send skipped because provider configuration is missing","timestamp":"2026-03-21T13:08:04.997Z","meta":{"to":"demo@example.com","subject":"Mart 2026 finans ozeti"}}
{"level":"warn","message":"Email send skipped because provider configuration is missing","timestamp":"2026-03-21T13:08:04.999Z","meta":{"to":"berkyuzun@gmail.com","subject":"Mart 2026 finans ozeti"}}
{"level":"info","message":"Finance reminder job completed","timestamp":"2026-03-21T13:08:05.002Z","meta":{"processed":2,"source":"admin"}}
 POST /api/jobs/finance-reminders 200 in 225ms (compile: 169ms, proxy.ts: 3ms, render: 53ms)
 GET /admin/system 200 in 48ms (compile: 3ms, proxy.ts: 3ms, render: 42ms)
{"level":"info","message":"Finance reminder job completed","timestamp":"2026-03-21T13:08:05.877Z","meta":{"processed":0,"source":"admin"}}
 POST /api/jobs/finance-reminders 200 in 52ms (compile: 2ms, proxy.ts: 3ms, render: 47ms)
 GET /admin/system 200 in 32ms (compile: 2ms, proxy.ts: 1915µs, render: 28ms)
{"level":"info","message":"Finance reminder job completed","timestamp":"2026-03-21T13:08:06.488Z","meta":{"processed":0,"source":"admin"}}
 POST /api/jobs/finance-reminders 200 in 47ms (compile: 1643µs, proxy.ts: 3ms, render: 42ms)
 GET /admin/system 200 in 33ms (compile: 1962µs, proxy.ts: 2ms, render: 28ms)
{"level":"info","message":"Finance reminder job completed","timestamp":"2026-03-21T13:08:07.215Z","meta":{"processed":0,"source":"admin"}}
 POST /api/jobs/finance-reminders 200 in 46ms (compile: 2ms, proxy.ts: 3ms, render: 41ms)
 GET /admin/system 200 in 30ms (compile: 1872µs, proxy.ts: 1931µs, render: 27ms)
 GET /admin/settings 200 in 315ms (compile: 278ms, proxy.ts: 6ms, render: 30ms)
 GET /admin/users 200 in 38ms (compile: 3ms, proxy.ts: 3ms, render: 33ms)
 GET /admin 200 in 79ms (compile: 2ms, proxy.ts: 2ms, render: 74ms)
 GET /api/auth/session 200 in 43ms (compile: 9ms, proxy.ts: 2ms, render: 33ms)
 GET /api/auth/session 200 in 43ms (compile: 8ms, proxy.ts: 1760µs, render: 34ms)
 GET /api/auth/session 200 in 64ms (compile: 9ms, proxy.ts: 1934µs, render: 52ms)
 GET / 200 in 193ms (compile: 1966µs, proxy.ts: 3ms, render: 188ms)
 GET /api/auth/session 200 in 33ms (compile: 8ms, proxy.ts: 1683µs, render: 24ms)
 GET /login?callbackUrl=%2Fapple-touch-icon-precomposed.png 200 in 99ms (compile: 2ms, proxy.ts: 4ms, render: 93ms)
 GET /login?callbackUrl=%2Fapple-touch-icon.png 200 in 54ms (compile: 1963µs, proxy.ts: 1838µs, render: 50ms)
