[next-auth][error][JWT_SESSION_ERROR] 
https://next-auth.js.org/errors#jwt_session_error 
Invalid `__TURBOPACK__imported__module__$5b$project$5d2f$src$2f$lib$2f$prisma$2e$ts__$5b$app$2d$rsc$5d$__$28$ecmascript$29$__["prisma"].user.findUnique()` invocation in
D:\tuna\.next\dev\server\chunks\ssr\[root-of-the-server]__003486e7._.js:1902:171

  1899 if (!token.id) {
  1900     return token;
  1901 }
→ 1902 const currentUser = await __TURBOPACK__imported__module__$5b$project$5d2f$src$2f$lib$2f$prisma$2e$ts__$5b$app$2d$rsc$5d$__$28$ecmascript$29$__["prisma"].user.findUnique({
         where: {
           id: "cmmuns80q0000uw7wbuk9w9zm"
         },
         select: {
           id: true,
           name: true,
           email: true,
           role: true,
           isActive: true,
           sessionVersion: true,
           ~~~~~~~~~~~~~~
       ?   password?: true,
       ?   lastLoginAt?: true,
       ?   createdAt?: true,
       ?   transactions?: true,
       ?   categories?: true,
       ?   goals?: true,
       ?   activityLogsAuthored?: true,
       ?   activityLogsTargeted?: true,
       ?   adminSettingsUpdated?: true,
       ?   adminSavedViewsCreated?: true,
       ?   recurringRules?: true,
       ?   scheduledPayments?: true,
       ?   reminders?: true,
       ?   notificationPreference?: true,
       ?   monthlyReports?: true,
       ?   _count?: true
         }
       })

Unknown field `sessionVersion` for select statement on model `User`. Available options are marked with ?. {
  message: '\n' +
    'Invalid `__TURBOPACK__imported__module__$5b$project$5d2f$src$2f$lib$2f$prisma$2e$ts__$5b$app$2d$rsc$5d$__$28$ecmascript$29$__["prisma"].user.findUnique()` invocation in\n' +
    'D:\\tuna\\.next\\dev\\server\\chunks\\ssr\\[root-of-the-server]__003486e7._.js:1902:171\n' +
    '\n' +
    '  1899 if (!token.id) {\n' +
    '  1900     return token;\n' +
    '  1901 }\n' +
    '→ 1902 const currentUser = await __TURBOPACK__imported__module__$5b$project$5d2f$src$2f$lib$2f$prisma$2e$ts__$5b$app$2d$rsc$5d$__$28$ecmascript$29$__["prisma"].user.findUnique({\n' +
    '         where: {\n' +
    '           id: "cmmuns80q0000uw7wbuk9w9zm"\n' +
    '         },\n' +
    '         select: {\n' +
    '           id: true,\n' +
    '           name: true,\n' +
    '           email: true,\n' +
    '           role: true,\n' +
    '           isActive: true,\n' +
    '           sessionVersion: true,\n' +
    '           ~~~~~~~~~~~~~~\n' +
    '       ?   password?: true,\n' +
    '       ?   lastLoginAt?: true,\n' +
    '       ?   createdAt?: true,\n' +
    '       ?   transactions?: true,\n' +
    '       ?   categories?: true,\n' +
    '       ?   goals?: true,\n' +
    '       ?   activityLogsAuthored?: true,\n' +
    '       ?   activityLogsTargeted?: true,\n' +
    '       ?   adminSettingsUpdated?: true,\n' +
    '       ?   adminSavedViewsCreated?: true,\n' +
    '       ?   recurringRules?: true,\n' +
    '       ?   scheduledPayments?: true,\n' +
    '       ?   reminders?: true,\n' +
    '       ?   notificationPreference?: true,\n' +
    '       ?   monthlyReports?: true,\n' +
    '       ?   _count?: true\n' +
    '         }\n' +
    '       })\n' +
    '\n' +
    'Unknown field `sessionVersion` for select statement on model `User`. Available options are marked with ?.',
  stack: 'PrismaClientValidationError: \n' +
    'Invalid `__TURBOPACK__imported__module__$5b$project$5d2f$src$2f$lib$2f$prisma$2e$ts__$5b$app$2d$rsc$5d$__$28$ecmascript$29$__["prisma"].user.findUnique()` invocation in\n' +
    'D:\\tuna\\.next\\dev\\server\\chunks\\ssr\\[root-of-the-server]__003486e7._.js:1902:171\n' +
    '\n' +
    '  1899 if (!token.id) {\n' +
    '  1900     return token;\n' +
    '  1901 }\n' +
    '→ 1902 const currentUser = await __TURBOPACK__imported__module__$5b$project$5d2f$src$2f$lib$2f$prisma$2e$ts__$5b$app$2d$rsc$5d$__$28$ecmascript$29$__["prisma"].user.findUnique({\n' +
    '         where: {\n' +
    '           id: "cmmuns80q0000uw7wbuk9w9zm"\n' +
    '         },\n' +
    '         select: {\n' +
    '           id: true,\n' +
    '           name: true,\n' +
    '           email: true,\n' +
    '           role: true,\n' +
    '           isActive: true,\n' +
    '           sessionVersion: true,\n' +
    '           ~~~~~~~~~~~~~~\n' +
    '       ?   password?: true,\n' +
    '       ?   lastLoginAt?: true,\n' +
    '       ?   createdAt?: true,\n' +
    '       ?   transactions?: true,\n' +
    '       ?   categories?: true,\n' +
    '       ?   goals?: true,\n' +
    '       ?   activityLogsAuthored?: true,\n' +
    '       ?   activityLogsTargeted?: true,\n' +
    '       ?   adminSettingsUpdated?: true,\n' +
    '       ?   adminSavedViewsCreated?: true,\n' +
    '       ?   recurringRules?: true,\n' +
    '       ?   scheduledPayments?: true,\n' +
    '       ?   reminders?: true,\n' +
    '       ?   notificationPreference?: true,\n' +
    '       ?   monthlyReports?: true,\n' +
    '       ?   _count?: true\n' +
    '         }\n' +
    '       })\n' +
    '\n' +
    'Unknown field `sessionVersion` for select statement on model `User`. Available options are marked with ?.\n' +
    '    at Nn (D:\\tuna\\node_modules\\@prisma\\client\\runtime\\library.js:29:1363)\n' +
    '    at ei.handleRequestError (D:\\tuna\\node_modules\\@prisma\\client\\runtime\\library.js:121:6911)\n' +
    '    at ei.handleAndLogRequestError (D:\\tuna\\node_modules\\@prisma\\client\\runtime\\library.js:121:6593)\n' +
    '    at ei.request (D:\\tuna\\node_modules\\@prisma\\client\\runtime\\library.js:121:6300)\n' +
    '    at async a (D:\\tuna\\node_modules\\@prisma\\client\\runtime\\library.js:130:9551)\n' +
    '    at async Object.jwt (D:\\tuna\\.next\\dev\\server\\chunks\\ssr\\[root-of-the-server]__003486e7._.js:1902:33)\n' +
    '    at async Object.session (D:\\tuna\\.next\\dev\\server\\chunks\\ssr\\node_modules_next-auth_489f0482._.js:2043:27)\n' +
    '    at async AuthHandler (D:\\tuna\\.next\\dev\\server\\chunks\\ssr\\node_modules_next-auth_489f0482._.js:3184:37)\n' +
    '    at async getServerSession (D:\\tuna\\.next\\dev\\server\\chunks\\ssr\\node_modules_next-auth_489f0482._.js:3576:21)\n' +
    '    at async getAuthSession (D:\\tuna\\.next\\dev\\server\\chunks\\ssr\\[root-of-the-server]__003486e7._.js:1949:21)\n' +
    '    at async DashboardPage (D:\\tuna\\.next\\dev\\server\\chunks\\ssr\\[root-of-the-server]__003486e7._.js:1989:21)',
  name: 'PrismaClientValidationError'
}
[next-auth][error][JWT_SESSION_ERROR] 
https://next-auth.js.org/errors#jwt_session_error 
Invalid `__TURBOPACK__imported__module__$5b$project$5d2f$src$2f$lib$2f$prisma$2e$ts__$5b$app$2d$route$5d$__$28$ecmascript$29$__["prisma"].user.findUnique()` invocation in
D:\tuna\.next\dev\server\chunks\[root-of-the-server]__dcae2233._.js:552:173

  549 if (!token.id) {
  550     return token;
  551 }
→ 552 const currentUser = await __TURBOPACK__imported__module__$5b$project$5d2f$src$2f$lib$2f$prisma$2e$ts__$5b$app$2d$route$5d$__$28$ecmascript$29$__["prisma"].user.findUnique({
        where: {
          id: "cmmuns80q0000uw7wbuk9w9zm"
        },
        select: {
          id: true,
          name: true,
          email: true,
          role: true,
          isActive: true,
          sessionVersion: true,
          ~~~~~~~~~~~~~~
      ?   password?: true,
      ?   lastLoginAt?: true,
      ?   createdAt?: true,
      ?   transactions?: true,
      ?   categories?: true,
      ?   goals?: true,
      ?   activityLogsAuthored?: true,
      ?   activityLogsTargeted?: true,
      ?   adminSettingsUpdated?: true,
      ?   adminSavedViewsCreated?: true,
      ?   recurringRules?: true,
      ?   scheduledPayments?: true,
      ?   reminders?: true,
      ?   notificationPreference?: true,
      ?   monthlyReports?: true,
      ?   _count?: true
        }
      })

Unknown field `sessionVersion` for select statement on model `User`. Available options are marked with ?. {
  message: '\n' +
    'Invalid `__TURBOPACK__imported__module__$5b$project$5d2f$src$2f$lib$2f$prisma$2e$ts__$5b$app$2d$route$5d$__$28$ecmascript$29$__["prisma"].user.findUnique()` invocation in\n' +
    'D:\\tuna\\.next\\dev\\server\\chunks\\[root-of-the-server]__dcae2233._.js:552:173\n' +
    '\n' +
    '  549 if (!token.id) {\n' +
    '  550     return token;\n' +
    '  551 }\n' +
    '→ 552 const currentUser = await __TURBOPACK__imported__module__$5b$project$5d2f$src$2f$lib$2f$prisma$2e$ts__$5b$app$2d$route$5d$__$28$ecmascript$29$__["prisma"].user.findUnique({\n' +
    '        where: {\n' +
    '          id: "cmmuns80q0000uw7wbuk9w9zm"\n' +
    '        },\n' +
    '        select: {\n' +
    '          id: true,\n' +
    '          name: true,\n' +
    '          email: true,\n' +
    '          role: true,\n' +
    '          isActive: true,\n' +
    '          sessionVersion: true,\n' +
    '          ~~~~~~~~~~~~~~\n' +
    '      ?   password?: true,\n' +
    '      ?   lastLoginAt?: true,\n' +
    '      ?   createdAt?: true,\n' +
    '      ?   transactions?: true,\n' +
    '      ?   categories?: true,\n' +
    '      ?   goals?: true,\n' +
    '      ?   activityLogsAuthored?: true,\n' +
    '      ?   activityLogsTargeted?: true,\n' +
    '      ?   adminSettingsUpdated?: true,\n' +
    '      ?   adminSavedViewsCreated?: true,\n' +
    '      ?   recurringRules?: true,\n' +
    '      ?   scheduledPayments?: true,\n' +
    '      ?   reminders?: true,\n' +
    '      ?   notificationPreference?: true,\n' +
    '      ?   monthlyReports?: true,\n' +
    '      ?   _count?: true\n' +
    '        }\n' +
    '      })\n' +
    '\n' +
    'Unknown field `sessionVersion` for select statement on model `User`. Available options are marked with ?.',
  stack: 'PrismaClientValidationError: \n' +
    'Invalid `__TURBOPACK__imported__module__$5b$project$5d2f$src$2f$lib$2f$prisma$2e$ts__$5b$app$2d$route$5d$__$28$ecmascript$29$__["prisma"].user.findUnique()` invocation in\n' +
    'D:\\tuna\\.next\\dev\\server\\chunks\\[root-of-the-server]__dcae2233._.js:552:173\n' +
    '\n' +
    '  549 if (!token.id) {\n' +
    '  550     return token;\n' +
    '  551 }\n' +
    '→ 552 const currentUser = await __TURBOPACK__imported__module__$5b$project$5d2f$src$2f$lib$2f$prisma$2e$ts__$5b$app$2d$route$5d$__$28$ecmascript$29$__["prisma"].user.findUnique({\n' +
    '        where: {\n' +
    '          id: "cmmuns80q0000uw7wbuk9w9zm"\n' +
    '        },\n' +
    '        select: {\n' +
    '          id: true,\n' +
    '          name: true,\n' +
    '          email: true,\n' +
    '          role: true,\n' +
    '          isActive: true,\n' +
    '          sessionVersion: true,\n' +
    '          ~~~~~~~~~~~~~~\n' +
    '      ?   password?: true,\n' +
    '      ?   lastLoginAt?: true,\n' +
    '      ?   createdAt?: true,\n' +
    '      ?   transactions?: true,\n' +
    '      ?   categories?: true,\n' +
    '      ?   goals?: true,\n' +
    '      ?   activityLogsAuthored?: true,\n' +
    '      ?   activityLogsTargeted?: true,\n' +
    '      ?   adminSettingsUpdated?: true,\n' +
    '      ?   adminSavedViewsCreated?: true,\n' +
    '      ?   recurringRules?: true,\n' +
    '      ?   scheduledPayments?: true,\n' +
    '      ?   reminders?: true,\n' +
    '      ?   notificationPreference?: true,\n' +
    '      ?   monthlyReports?: true,\n' +
    '      ?   _count?: true\n' +
    '        }\n' +
    '      })\n' +
    '\n' +
    'Unknown field `sessionVersion` for select statement on model `User`. Available options are marked with ?.\n' +
    '    at Nn (D:\\tuna\\node_modules\\@prisma\\client\\runtime\\library.js:29:1363)\n' +
    '    at ei.handleRequestError (D:\\tuna\\node_modules\\@prisma\\client\\runtime\\library.js:121:6911)\n' +
    '    at ei.handleAndLogRequestError (D:\\tuna\\node_modules\\@prisma\\client\\runtime\\library.js:121:6593)\n' +
    '    at ei.request (D:\\tuna\\node_modules\\@prisma\\client\\runtime\\library.js:121:6300)\n' +
    '    at async a (D:\\tuna\\node_modules\\@prisma\\client\\runtime\\library.js:130:9551)\n' +
    '    at async Object.jwt (D:\\tuna\\.next\\dev\\server\\chunks\\[root-of-the-server]__dcae2233._.js:552:33)\n' +
    '    at async Object.session (D:\\tuna\\.next\\dev\\server\\chunks\\node_modules_next-auth_1810886e._.js:2043:27)\n' +
    '    at async AuthHandler (D:\\tuna\\.next\\dev\\server\\chunks\\node_modules_next-auth_1810886e._.js:3184:37)\n' +
    '    at async NextAuthRouteHandler (D:\\tuna\\.next\\dev\\server\\chunks\\node_modules_next-auth_1810886e._.js:3501:30)\n' +
    '    at async NextAuth._args$ (D:\\tuna\\.next\\dev\\server\\chunks\\node_modules_next-auth_1810886e._.js:3536:24)\n' +
    '    at async AppRouteRouteModule.do (D:\\tuna\\node_modules\\next\\dist\\compiled\\next-server\\app-route-turbo.runtime.dev.js:5:37866)\n' +
    '    at async AppRouteRouteModule.handle (D:\\tuna\\node_modules\\next\\dist\\compiled\\next-server\\app-route-turbo.runtime.dev.js:5:45156)\n' +
    '    at async responseGenerator (D:\\tuna\\.next\\dev\\server\\chunks\\node_modules_next_d6624d37._.js:16529:38)\n' +
    '    at async AppRouteRouteModule.handleResponse (D:\\tuna\\node_modules\\next\\dist\\compiled\\next-server\\app-route-turbo.runtime.dev.js:1:191938)\n' +
    '    at async handleResponse (D:\\tuna\\.next\\dev\\server\\chunks\\node_modules_next_d6624d37._.js:16592:32)\n' +
    '    at async Module.handler (D:\\tuna\\.next\\dev\\server\\chunks\\node_modules_next_d6624d37._.js:16645:13)\n' +
    '    at async DevServer.renderToResponseWithComponentsImpl (D:\\tuna\\node_modules\\next\\dist\\server\\base-server.js:1442:9)\n' +
    '    at async DevServer.renderPageComponent (D:\\tuna\\node_modules\\next\\dist\\server\\base-server.js:1494:24)\n' +
    '    at async DevServer.renderToResponseImpl (D:\\tuna\\node_modules\\next\\dist\\server\\base-server.js:1544:32)\n' +
    '    at async DevServer.pipeImpl (D:\\tuna\\node_modules\\next\\dist\\server\\base-server.js:1038:25)\n' +
    '    at async NextNodeServer.handleCatchallRenderRequest (D:\\tuna\\node_modules\\next\\dist\\server\\next-server.js:395:17)\n' +
    '    at async DevServer.handleRequestImpl (D:\\tuna\\node_modules\\next\\dist\\server\\base-server.js:929:17)\n' +
    '    at async D:\\tuna\\node_modules\\next\\dist\\server\\dev\\next-dev-server.js:387:20\n' +
    '    at async Span.traceAsyncFn (D:\\tuna\\node_modules\\next\\dist\\trace\\trace.js:157:20)\n' +
    '    at async DevServer.handleRequest (D:\\tuna\\node_modules\\next\\dist\\server\\dev\\next-dev-server.js:383:24)\n' +
    '    at async invokeRender (D:\\tuna\\node_modules\\next\\dist\\server\\lib\\router-server.js:248:21)\n' +
    '    at async handleRequest (D:\\tuna\\node_modules\\next\\dist\\server\\lib\\router-server.js:447:24)\n' +
    '    at async requestHandlerImpl (D:\\tuna\\node_modules\\next\\dist\\server\\lib\\router-server.js:496:13)\n' +
    '    at async Server.requestListener (D:\\tuna\\node_modules\\next\\dist\\server\\lib\\start-server.js:226:13)',
  name: 'PrismaClientValidationError'
}
⨯ Error [PrismaClientValidationError]: 
Invalid `{imported module ./src/lib/prisma.ts}["prisma"].user.findUnique()` invocation in
D:\tuna\.next\dev\server\chunks\[root-of-the-server]__dcae2233._.js:552:173

  549 if (!token.id) {
  550     return token;
  551 }
→ 552 const currentUser = await {imported module ./src/lib/prisma.ts}["prisma"].user.findUnique({
        where: {
          id: "cmmuns80q0000uw7wbuk9w9zm"
        },
        select: {
          id: true,
          name: true,
          email: true,
          role: true,
          isActive: true,
          sessionVersion: true,
          ~~~~~~~~~~~~~~
      ?   password?: true,
      ?   lastLoginAt?: true,
      ?   createdAt?: true,
      ?   transactions?: true,
      ?   categories?: true,
      ?   goals?: true,
      ?   activityLogsAuthored?: true,
      ?   activityLogsTargeted?: true,
      ?   adminSettingsUpdated?: true,
      ?   adminSavedViewsCreated?: true,
      ?   recurringRules?: true,
      ?   scheduledPayments?: true,
      ?   reminders?: true,
      ?   notificationPreference?: true,
      ?   monthlyReports?: true,
      ?   _count?: true
        }
      })

Unknown field `sessionVersion` for select statement on model `User`. Available options are marked with ?.
    at <unknown> (src\lib\auth.ts:116:45)
    at async Object.jwt (src\lib\auth.ts:116:27)
  114 |       }
  115 |
> 116 |       const currentUser = await prisma.user.findUnique({
      |                                             ^
  117 |         where: { id: token.id },
  118 |         select: {
  119 |           id: true, {
  clientVersion: '6.19.2'
}
⨯ Error [PrismaClientValidationError]: 
Invalid `{imported module ./src/lib/prisma.ts}["prisma"].user.findUnique()` invocation in
D:\tuna\.next\dev\server\chunks\[root-of-the-server]__dcae2233._.js:552:173

  549 if (!token.id) {
  550     return token;
  551 }
→ 552 const currentUser = await {imported module ./src/lib/prisma.ts}["prisma"].user.findUnique({
        where: {
          id: "cmmuns80q0000uw7wbuk9w9zm"
        },
        select: {
          id: true,
          name: true,
          email: true,
          role: true,
          isActive: true,
          sessionVersion: true,
          ~~~~~~~~~~~~~~
      ?   password?: true,
      ?   lastLoginAt?: true,
      ?   createdAt?: true,
      ?   transactions?: true,
      ?   categories?: true,
      ?   goals?: true,
      ?   activityLogsAuthored?: true,
      ?   activityLogsTargeted?: true,
      ?   adminSettingsUpdated?: true,
      ?   adminSavedViewsCreated?: true,
      ?   recurringRules?: true,
      ?   scheduledPayments?: true,
      ?   reminders?: true,
      ?   notificationPreference?: true,
      ?   monthlyReports?: true,
      ?   _count?: true
        }
      })

Unknown field `sessionVersion` for select statement on model `User`. Available options are marked with ?.
    at <unknown> (src\lib\auth.ts:116:45)
    at async Object.jwt (src\lib\auth.ts:116:27)
  114 |       }
  115 |
> 116 |       const currentUser = await prisma.user.findUnique({
      |                                             ^
  117 |         where: { id: token.id },
  118 |         select: {
  119 |           id: true, {
  clientVersion: '6.19.2'
}
